2024-05-13 22:18:02,849 - RPA.core.certificates - INFO - Truststore injection done, using system certificate store to validate HTTPS.
[2024-05-13 22:18:04][INFO]: Setting up rpa_project
[2024-05-13 22:18:04][INFO]: Environment set to cloud
[2024-05-13 22:18:04][INFO]: Logging level set to INFO
[2024-05-13 22:18:04][INFO]: Logging to logs/rpa_project.log
[2024-05-13 22:18:04][INFO]: Logger setup complete
[2024-05-13 22:18:04][INFO]: Instantiating NewsBrowser
[2024-05-13 22:18:04][INFO]: NewsBrowser initialized
[2024-05-13 22:18:04][INFO]: Instantiating NewsBrowser
/bin/sh: line 1: chromium: command not found
[2024-05-13 22:18:11][INFO]: entering search function
[2024-05-13 22:18:20][INFO]: going through cards
[2024-05-13 22:18:22][INFO]: on card 1
[2024-05-13 22:18:26][INFO]: on card 2
[2024-05-13 22:18:29][INFO]: on card 3
[2024-05-13 22:18:33][INFO]: on card 4
[2024-05-13 22:18:36][INFO]: on card 5
[2024-05-13 22:18:40][INFO]: on card 6
[2024-05-13 22:18:43][INFO]: on card 7
[2024-05-13 22:18:46][INFO]: on card 8
[2024-05-13 22:18:49][INFO]: on card 9
[2024-05-13 22:18:52][INFO]: on card 10
[2024-05-13 22:18:56][INFO]: on card 11
[2024-05-13 22:18:59][INFO]: on card 12
[2024-05-13 22:19:02][INFO]: on card 13
[2024-05-13 22:19:06][INFO]: on card 14
[2024-05-13 22:19:10][INFO]: on card 15
[2024-05-13 22:19:12][INFO]: on card 16
[2024-05-13 22:19:17][INFO]: on card 17
[2024-05-13 22:19:20][INFO]: on card 18
[2024-05-13 22:19:23][INFO]: on card 19
[2024-05-13 22:19:26][INFO]: on card 20
[2024-05-13 22:19:29][INFO]: on card 21
[2024-05-13 22:19:32][INFO]: on card 22
[2024-05-13 22:19:36][INFO]: on card 23
[2024-05-13 22:19:39][INFO]: on card 24
[2024-05-13 22:19:42][INFO]: on card 25
[2024-05-13 22:19:44][INFO]: on card 26
[2024-05-13 22:19:47][INFO]: on card 27
[2024-05-13 22:19:50][INFO]: on card 28
[2024-05-13 22:19:54][INFO]: on card 29
[2024-05-13 22:19:57][INFO]: on card 30
[2024-05-13 22:20:01][INFO]: on card 31
[2024-05-13 22:20:04][INFO]: on card 32
[2024-05-13 22:20:07][INFO]: on card 33
[2024-05-13 22:20:10][INFO]: on card 34
[2024-05-13 22:20:14][INFO]: on card 35
[2024-05-13 22:20:17][INFO]: search complete for dog
