[2024-05-11 13:23:01][INFO]: Setting up rpa_project
[2024-05-11 13:23:01][INFO]: Environment set to local
[2024-05-11 13:23:01][INFO]: Logging level set to INFO
[2024-05-11 13:23:01][INFO]: Logging to ../logs/rpa_project.log
[2024-05-11 13:23:01][INFO]: Logger setup complete
[2024-05-11 13:23:01][INFO]: Instantiating NewsBrowser
[2024-05-11 13:23:01][INFO]: NewsBrowser initialized
[2024-05-11 13:23:01][INFO]: Instantiating NewsBrowser
[2024-05-11 13:23:06][INFO]: entering search function
[2024-05-11 13:23:18][INFO]: going through cards
[2024-05-11 13:23:19][INFO]: on card 1
[2024-05-11 13:23:23][INFO]: on card 2
[2024-05-11 13:23:27][INFO]: on card 3
[2024-05-11 13:23:30][INFO]: on card 4
[2024-05-11 13:23:33][INFO]: on card 5
[2024-05-11 13:23:36][INFO]: on card 6
[2024-05-11 13:23:39][INFO]: on card 7
[2024-05-11 13:23:42][INFO]: on card 8
[2024-05-11 13:23:44][INFO]: on card 9
[2024-05-11 13:23:47][INFO]: on card 10
[2024-05-11 13:23:50][INFO]: on card 11
[2024-05-11 13:23:53][INFO]: on card 12
[2024-05-11 13:23:56][INFO]: on card 13
[2024-05-11 13:24:00][INFO]: on card 14
[2024-05-11 13:24:02][INFO]: on card 15
[2024-05-11 13:24:05][INFO]: on card 16
[2024-05-11 13:24:09][INFO]: on card 17
[2024-05-11 13:24:11][INFO]: on card 18
[2024-05-11 13:24:15][INFO]: on card 19
[2024-05-11 13:24:17][INFO]: on card 20
[2024-05-11 13:24:20][INFO]: on card 21
[2024-05-11 13:24:41][INFO]: Could not retrieve image name for this card
[2024-05-11 13:24:44][INFO]: on card 22
[2024-05-11 13:24:46][INFO]: search complete for dog
